<?xml version="1.0" encoding="UTF-8"?>
<coverage generated="1684780213455" clover="3.2.0">
  <project timestamp="1684780213455" name="All files">
    <metrics statements="56" coveredstatements="56" conditionals="37" coveredconditionals="35" methods="11" coveredmethods="11" elements="104" coveredelements="102" complexity="0" loc="56" ncloc="56" packages="2" files="2" classes="2"/>
    <package name="src">
      <metrics statements="52" coveredstatements="52" conditionals="37" coveredconditionals="35" methods="11" coveredmethods="11"/>
      <file name="gilded_rose.js" path="/Users/umut/Projects/tech-tests/gilded-rose/js-jest/src/gilded_rose.js">
        <metrics statements="52" coveredstatements="52" conditionals="37" coveredconditionals="35" methods="11" coveredmethods="11"/>
        <line num="3" count="27" type="stmt"/>
        <line num="4" count="27" type="stmt"/>
        <line num="5" count="27" type="stmt"/>
        <line num="11" count="21" type="stmt"/>
        <line num="12" count="21" type="stmt"/>
        <line num="21" count="34" type="stmt"/>
        <line num="22" count="142" type="stmt"/>
        <line num="23" count="142" type="cond" truecount="2" falsecount="0"/>
        <line num="24" count="113" type="stmt"/>
        <line num="25" count="113" type="stmt"/>
        <line num="27" count="29" type="stmt"/>
        <line num="28" count="29" type="stmt"/>
        <line num="29" count="29" type="stmt"/>
        <line num="37" count="29" type="cond" truecount="2" falsecount="0"/>
        <line num="38" count="2" type="stmt"/>
        <line num="40" count="27" type="stmt"/>
        <line num="48" count="44" type="cond" truecount="2" falsecount="0"/>
        <line num="49" count="41" type="stmt"/>
        <line num="54" count="67" type="cond" truecount="2" falsecount="0"/>
        <line num="55" count="1" type="stmt"/>
        <line num="57" count="66" type="stmt"/>
        <line num="62" count="116" type="stmt"/>
        <line num="66" count="113" type="cond" truecount="2" falsecount="0"/>
        <line num="67" count="17" type="cond" truecount="2" falsecount="0"/>
        <line num="68" count="16" type="cond" truecount="2" falsecount="0"/>
        <line num="69" count="6" type="stmt"/>
        <line num="71" count="10" type="stmt"/>
        <line num="74" count="96" type="cond" truecount="2" falsecount="0"/>
        <line num="75" count="26" type="stmt"/>
        <line num="76" count="70" type="cond" truecount="2" falsecount="0"/>
        <line num="77" count="15" type="cond" truecount="2" falsecount="0"/>
        <line num="78" count="6" type="stmt"/>
        <line num="80" count="9" type="stmt"/>
        <line num="82" count="55" type="cond" truecount="1" falsecount="1"/>
        <line num="83" count="55" type="cond" truecount="2" falsecount="0"/>
        <line num="84" count="54" type="cond" truecount="2" falsecount="0"/>
        <line num="85" count="3" type="stmt"/>
        <line num="86" count="51" type="cond" truecount="2" falsecount="0"/>
        <line num="87" count="25" type="stmt"/>
        <line num="88" count="26" type="cond" truecount="2" falsecount="0"/>
        <line num="89" count="13" type="stmt"/>
        <line num="91" count="13" type="stmt"/>
        <line num="98" count="113" type="cond" truecount="2" falsecount="0"/>
        <line num="99" count="26" type="stmt"/>
        <line num="101" count="87" type="stmt"/>
        <line num="108" count="44" type="cond" truecount="2" falsecount="0"/>
        <line num="109" count="8" type="stmt"/>
        <line num="111" count="36" type="stmt"/>
        <line num="116" count="72" type="cond" truecount="2" falsecount="0"/>
        <line num="117" count="70" type="stmt"/>
        <line num="119" count="2" type="stmt"/>
        <line num="124" count="1" type="stmt"/>
      </file>
    </package>
    <package name="test">
      <metrics statements="4" coveredstatements="4" conditionals="0" coveredconditionals="0" methods="0" coveredmethods="0"/>
      <file name="texttest_fixture.js" path="/Users/umut/Projects/tech-tests/gilded-rose/js-jest/test/texttest_fixture.js">
        <metrics statements="4" coveredstatements="4" conditionals="0" coveredconditionals="0" methods="0" coveredmethods="0"/>
        <line num="1" count="1" type="stmt"/>
        <line num="3" count="1" type="stmt"/>
        <line num="16" count="1" type="stmt"/>
        <line num="67" count="1" type="stmt"/>
      </file>
    </package>
  </project>
</coverage>
