<?xml version="1.0" encoding="UTF-8"?>
<coverage generated="1684851403771" clover="3.2.0">
  <project timestamp="1684851403771" name="All files">
    <metrics statements="50" coveredstatements="50" conditionals="19" coveredconditionals="19" methods="15" coveredmethods="15" elements="84" coveredelements="84" complexity="0" loc="50" ncloc="50" packages="3" files="7" classes="7"/>
    <package name="src">
      <metrics statements="4" coveredstatements="4" conditionals="1" coveredconditionals="1" methods="2" coveredmethods="2"/>
      <file name="gilded_rose.js" path="/Users/umut/Projects/tech-tests/gilded-rose/js-jest/src/gilded_rose.js">
        <metrics statements="4" coveredstatements="4" conditionals="1" coveredconditionals="1" methods="2" coveredmethods="2"/>
        <line num="3" count="23" type="stmt"/>
        <line num="7" count="134" type="stmt"/>
        <line num="8" count="22" type="stmt"/>
        <line num="13" count="1" type="stmt"/>
      </file>
    </package>
    <package name="src.components">
      <metrics statements="44" coveredstatements="44" conditionals="18" coveredconditionals="18" methods="13" coveredmethods="13"/>
      <file name="agedBrie.js" path="/Users/umut/Projects/tech-tests/gilded-rose/js-jest/src/components/agedBrie.js">
        <metrics statements="7" coveredstatements="7" conditionals="2" coveredconditionals="2" methods="2" coveredmethods="2"/>
        <line num="1" count="1" type="stmt"/>
        <line num="5" count="8" type="stmt"/>
        <line num="9" count="5" type="stmt"/>
        <line num="10" count="5" type="cond" truecount="2" falsecount="0"/>
        <line num="11" count="1" type="stmt"/>
        <line num="13" count="4" type="stmt"/>
        <line num="18" count="1" type="stmt"/>
      </file>
      <file name="backstage.js" path="/Users/umut/Projects/tech-tests/gilded-rose/js-jest/src/components/backstage.js">
        <metrics statements="11" coveredstatements="11" conditionals="6" coveredconditionals="6" methods="2" coveredmethods="2"/>
        <line num="1" count="1" type="stmt"/>
        <line num="5" count="27" type="stmt"/>
        <line num="9" count="7" type="stmt"/>
        <line num="10" count="7" type="cond" truecount="2" falsecount="0"/>
        <line num="11" count="1" type="stmt"/>
        <line num="12" count="6" type="cond" truecount="2" falsecount="0"/>
        <line num="13" count="3" type="stmt"/>
        <line num="14" count="3" type="cond" truecount="2" falsecount="0"/>
        <line num="15" count="1" type="stmt"/>
        <line num="17" count="2" type="stmt"/>
        <line num="22" count="1" type="stmt"/>
      </file>
      <file name="conjured.js" path="/Users/umut/Projects/tech-tests/gilded-rose/js-jest/src/components/conjured.js">
        <metrics statements="7" coveredstatements="7" conditionals="2" coveredconditionals="2" methods="2" coveredmethods="2"/>
        <line num="1" count="1" type="stmt"/>
        <line num="5" count="7" type="stmt"/>
        <line num="9" count="3" type="stmt"/>
        <line num="10" count="3" type="cond" truecount="2" falsecount="0"/>
        <line num="11" count="1" type="stmt"/>
        <line num="13" count="2" type="stmt"/>
        <line num="18" count="1" type="stmt"/>
      </file>
      <file name="item.js" path="/Users/umut/Projects/tech-tests/gilded-rose/js-jest/src/components/item.js">
        <metrics statements="16" coveredstatements="16" conditionals="8" coveredconditionals="8" methods="5" coveredmethods="5"/>
        <line num="3" count="67" type="stmt"/>
        <line num="4" count="67" type="stmt"/>
        <line num="5" count="67" type="stmt"/>
        <line num="9" count="5" type="stmt"/>
        <line num="10" count="5" type="cond" truecount="2" falsecount="0"/>
        <line num="11" count="1" type="stmt"/>
        <line num="13" count="4" type="stmt"/>
        <line num="18" count="20" type="cond" truecount="2" falsecount="0"/>
        <line num="19" count="4" type="stmt"/>
        <line num="21" count="16" type="stmt"/>
        <line num="26" count="8" type="cond" truecount="2" falsecount="0"/>
        <line num="27" count="7" type="stmt"/>
        <line num="32" count="11" type="cond" truecount="2" falsecount="0"/>
        <line num="33" count="3" type="stmt"/>
        <line num="35" count="8" type="stmt"/>
        <line num="40" count="1" type="stmt"/>
      </file>
      <file name="sulfuras.js" path="/Users/umut/Projects/tech-tests/gilded-rose/js-jest/src/components/sulfuras.js">
        <metrics statements="3" coveredstatements="3" conditionals="0" coveredconditionals="0" methods="2" coveredmethods="2"/>
        <line num="1" count="1" type="stmt"/>
        <line num="5" count="12" type="stmt"/>
        <line num="12" count="1" type="stmt"/>
      </file>
    </package>
    <package name="test">
      <metrics statements="2" coveredstatements="2" conditionals="0" coveredconditionals="0" methods="0" coveredmethods="0"/>
      <file name="texttest_fixture.js" path="/Users/umut/Projects/tech-tests/gilded-rose/js-jest/test/texttest_fixture.js">
        <metrics statements="2" coveredstatements="2" conditionals="0" coveredconditionals="0" methods="0" coveredmethods="0"/>
        <line num="1" count="1" type="stmt"/>
        <line num="64" count="1" type="stmt"/>
      </file>
    </package>
  </project>
</coverage>
