{"/Users/umut/Projects/tech-tests/gilded-rose/js-jest/src/gilded_rose.js": {"path":"/Users/umut/Projects/tech-tests/gilded-rose/js-jest/src/gilded_rose.js","statementMap":{"0":{"start":{"line":1,"column":17},"end":{"line":1,"column":49}},"1":{"start":{"line":2,"column":13},"end":{"line":2,"column":46}},"2":{"start":{"line":6,"column":4},"end":{"line":12,"column":7}},"3":{"start":{"line":7,"column":6},"end":{"line":11,"column":7}},"4":{"start":{"line":8,"column":8},"end":{"line":8,"column":66}},"5":{"start":{"line":10,"column":8},"end":{"line":10,"column":20}},"6":{"start":{"line":16,"column":4},"end":{"line":18,"column":5}},"7":{"start":{"line":16,"column":17},"end":{"line":16,"column":18}},"8":{"start":{"line":17,"column":6},"end":{"line":17,"column":29}},"9":{"start":{"line":22,"column":0},"end":{"line":22,"column":22}}},"fnMap":{"0":{"name":"(anonymous_0)","decl":{"start":{"line":5,"column":2},"end":{"line":5,"column":3}},"loc":{"start":{"line":5,"column":26},"end":{"line":13,"column":3}},"line":5},"1":{"name":"(anonymous_1)","decl":{"start":{"line":6,"column":27},"end":{"line":6,"column":28}},"loc":{"start":{"line":6,"column":37},"end":{"line":12,"column":5}},"line":6},"2":{"name":"(anonymous_2)","decl":{"start":{"line":15,"column":2},"end":{"line":15,"column":3}},"loc":{"start":{"line":15,"column":18},"end":{"line":19,"column":3}},"line":15}},"branchMap":{"0":{"loc":{"start":{"line":5,"column":14},"end":{"line":5,"column":24}},"type":"default-arg","locations":[{"start":{"line":5,"column":22},"end":{"line":5,"column":24}}],"line":5},"1":{"loc":{"start":{"line":7,"column":6},"end":{"line":11,"column":7}},"type":"if","locations":[{"start":{"line":7,"column":6},"end":{"line":11,"column":7}},{"start":{"line":7,"column":6},"end":{"line":11,"column":7}}],"line":7}},"s":{"0":1,"1":1,"2":23,"3":67,"4":13,"5":54,"6":134,"7":134,"8":1142,"9":1},"f":{"0":23,"1":67,"2":134},"b":{"0":[1],"1":[13,54]},"_coverageSchema":"43e27e138ebf9cfc5966b082cf9a028302ed4184","hash":"a88390682884d2c7b3005d0878994ff3a9bfdd51"}
,"/Users/umut/Projects/tech-tests/gilded-rose/js-jest/src/components/agedBrie.js": {"path":"/Users/umut/Projects/tech-tests/gilded-rose/js-jest/src/components/agedBrie.js","statementMap":{"0":{"start":{"line":1,"column":17},"end":{"line":1,"column":38}},"1":{"start":{"line":5,"column":4},"end":{"line":5,"column":40}},"2":{"start":{"line":9,"column":4},"end":{"line":9,"column":21}},"3":{"start":{"line":10,"column":4},"end":{"line":14,"column":5}},"4":{"start":{"line":11,"column":6},"end":{"line":11,"column":25}},"5":{"start":{"line":13,"column":6},"end":{"line":13,"column":25}},"6":{"start":{"line":18,"column":0},"end":{"line":18,"column":26}}},"fnMap":{"0":{"name":"(anonymous_0)","decl":{"start":{"line":4,"column":2},"end":{"line":4,"column":3}},"loc":{"start":{"line":4,"column":31},"end":{"line":6,"column":3}},"line":4},"1":{"name":"(anonymous_1)","decl":{"start":{"line":8,"column":2},"end":{"line":8,"column":3}},"loc":{"start":{"line":8,"column":11},"end":{"line":15,"column":3}},"line":8}},"branchMap":{"0":{"loc":{"start":{"line":10,"column":4},"end":{"line":14,"column":5}},"type":"if","locations":[{"start":{"line":10,"column":4},"end":{"line":14,"column":5}},{"start":{"line":10,"column":4},"end":{"line":14,"column":5}}],"line":10}},"s":{"0":1,"1":8,"2":117,"3":117,"4":104,"5":13,"6":1},"f":{"0":8,"1":117},"b":{"0":[104,13]},"_coverageSchema":"43e27e138ebf9cfc5966b082cf9a028302ed4184","hash":"820e0a24ba0d5fd4aaa7e53ccdc5d13ade490807"}
,"/Users/umut/Projects/tech-tests/gilded-rose/js-jest/src/components/backstage.js": {"path":"/Users/umut/Projects/tech-tests/gilded-rose/js-jest/src/components/backstage.js","statementMap":{"0":{"start":{"line":1,"column":17},"end":{"line":1,"column":38}},"1":{"start":{"line":5,"column":4},"end":{"line":5,"column":72}},"2":{"start":{"line":9,"column":4},"end":{"line":9,"column":21}},"3":{"start":{"line":10,"column":4},"end":{"line":18,"column":5}},"4":{"start":{"line":11,"column":6},"end":{"line":11,"column":23}},"5":{"start":{"line":12,"column":11},"end":{"line":18,"column":5}},"6":{"start":{"line":13,"column":6},"end":{"line":13,"column":25}},"7":{"start":{"line":14,"column":11},"end":{"line":18,"column":5}},"8":{"start":{"line":15,"column":6},"end":{"line":15,"column":25}},"9":{"start":{"line":17,"column":6},"end":{"line":17,"column":25}},"10":{"start":{"line":22,"column":0},"end":{"line":22,"column":27}}},"fnMap":{"0":{"name":"(anonymous_0)","decl":{"start":{"line":4,"column":2},"end":{"line":4,"column":3}},"loc":{"start":{"line":4,"column":31},"end":{"line":6,"column":3}},"line":4},"1":{"name":"(anonymous_1)","decl":{"start":{"line":8,"column":2},"end":{"line":8,"column":3}},"loc":{"start":{"line":8,"column":11},"end":{"line":19,"column":3}},"line":8}},"branchMap":{"0":{"loc":{"start":{"line":10,"column":4},"end":{"line":18,"column":5}},"type":"if","locations":[{"start":{"line":10,"column":4},"end":{"line":18,"column":5}},{"start":{"line":10,"column":4},"end":{"line":18,"column":5}}],"line":10},"1":{"loc":{"start":{"line":12,"column":11},"end":{"line":18,"column":5}},"type":"if","locations":[{"start":{"line":12,"column":11},"end":{"line":18,"column":5}},{"start":{"line":12,"column":11},"end":{"line":18,"column":5}}],"line":12},"2":{"loc":{"start":{"line":14,"column":11},"end":{"line":18,"column":5}},"type":"if","locations":[{"start":{"line":14,"column":11},"end":{"line":18,"column":5}},{"start":{"line":14,"column":11},"end":{"line":18,"column":5}}],"line":14}},"s":{"0":1,"1":27,"2":455,"3":455,"4":368,"5":87,"6":46,"7":41,"8":23,"9":18,"10":1},"f":{"0":27,"1":455},"b":{"0":[368,87],"1":[46,41],"2":[23,18]},"_coverageSchema":"43e27e138ebf9cfc5966b082cf9a028302ed4184","hash":"aa43c227ac959336bf0c1ca77dd3279c711788b3"}
,"/Users/umut/Projects/tech-tests/gilded-rose/js-jest/src/components/conjured.js": {"path":"/Users/umut/Projects/tech-tests/gilded-rose/js-jest/src/components/conjured.js","statementMap":{"0":{"start":{"line":1,"column":17},"end":{"line":1,"column":38}},"1":{"start":{"line":5,"column":4},"end":{"line":5,"column":49}},"2":{"start":{"line":9,"column":4},"end":{"line":9,"column":21}},"3":{"start":{"line":10,"column":4},"end":{"line":14,"column":5}},"4":{"start":{"line":11,"column":6},"end":{"line":11,"column":28}},"5":{"start":{"line":13,"column":6},"end":{"line":13,"column":28}},"6":{"start":{"line":18,"column":0},"end":{"line":18,"column":26}}},"fnMap":{"0":{"name":"(anonymous_0)","decl":{"start":{"line":4,"column":2},"end":{"line":4,"column":3}},"loc":{"start":{"line":4,"column":31},"end":{"line":6,"column":3}},"line":4},"1":{"name":"(anonymous_1)","decl":{"start":{"line":8,"column":2},"end":{"line":8,"column":3}},"loc":{"start":{"line":8,"column":11},"end":{"line":15,"column":3}},"line":8}},"branchMap":{"0":{"loc":{"start":{"line":10,"column":4},"end":{"line":14,"column":5}},"type":"if","locations":[{"start":{"line":10,"column":4},"end":{"line":14,"column":5}},{"start":{"line":10,"column":4},"end":{"line":14,"column":5}}],"line":10}},"s":{"0":1,"1":7,"2":115,"3":115,"4":104,"5":11,"6":1},"f":{"0":7,"1":115},"b":{"0":[104,11]},"_coverageSchema":"43e27e138ebf9cfc5966b082cf9a028302ed4184","hash":"9cd7d619465dda14211dc00c84f16fb214676eff"}
,"/Users/umut/Projects/tech-tests/gilded-rose/js-jest/src/components/item.js": {"path":"/Users/umut/Projects/tech-tests/gilded-rose/js-jest/src/components/item.js","statementMap":{"0":{"start":{"line":3,"column":4},"end":{"line":3,"column":21}},"1":{"start":{"line":4,"column":4},"end":{"line":4,"column":25}},"2":{"start":{"line":5,"column":4},"end":{"line":5,"column":27}},"3":{"start":{"line":9,"column":0},"end":{"line":9,"column":22}}},"fnMap":{"0":{"name":"(anonymous_0)","decl":{"start":{"line":2,"column":2},"end":{"line":2,"column":3}},"loc":{"start":{"line":2,"column":37},"end":{"line":6,"column":3}},"line":2}},"branchMap":{},"s":{"0":13,"1":13,"2":13,"3":1},"f":{"0":13},"b":{},"_coverageSchema":"43e27e138ebf9cfc5966b082cf9a028302ed4184","hash":"68ecaa4a46dc7036d436ffc23b9693d575f560cd"}
,"/Users/umut/Projects/tech-tests/gilded-rose/js-jest/src/components/sulfuras.js": {"path":"/Users/umut/Projects/tech-tests/gilded-rose/js-jest/src/components/sulfuras.js","statementMap":{"0":{"start":{"line":1,"column":17},"end":{"line":1,"column":38}},"1":{"start":{"line":5,"column":4},"end":{"line":5,"column":57}},"2":{"start":{"line":11,"column":0},"end":{"line":11,"column":26}}},"fnMap":{"0":{"name":"(anonymous_0)","decl":{"start":{"line":4,"column":2},"end":{"line":4,"column":3}},"loc":{"start":{"line":4,"column":31},"end":{"line":6,"column":3}},"line":4},"1":{"name":"(anonymous_1)","decl":{"start":{"line":8,"column":2},"end":{"line":8,"column":3}},"loc":{"start":{"line":8,"column":11},"end":{"line":8,"column":13}},"line":8}},"branchMap":{},"s":{"0":1,"1":12,"2":1},"f":{"0":12,"1":226},"b":{},"_coverageSchema":"43e27e138ebf9cfc5966b082cf9a028302ed4184","hash":"1a2f1270d4a757391d00362df7efb942076473f4"}
,"/Users/umut/Projects/tech-tests/gilded-rose/js-jest/src/components/template.js": {"path":"/Users/umut/Projects/tech-tests/gilded-rose/js-jest/src/components/template.js","statementMap":{"0":{"start":{"line":3,"column":4},"end":{"line":3,"column":21}},"1":{"start":{"line":4,"column":4},"end":{"line":4,"column":25}},"2":{"start":{"line":5,"column":4},"end":{"line":5,"column":27}},"3":{"start":{"line":9,"column":4},"end":{"line":9,"column":21}},"4":{"start":{"line":10,"column":4},"end":{"line":14,"column":5}},"5":{"start":{"line":11,"column":6},"end":{"line":11,"column":28}},"6":{"start":{"line":13,"column":6},"end":{"line":13,"column":28}},"7":{"start":{"line":18,"column":4},"end":{"line":22,"column":5}},"8":{"start":{"line":19,"column":6},"end":{"line":19,"column":18}},"9":{"start":{"line":21,"column":6},"end":{"line":21,"column":19}},"10":{"start":{"line":26,"column":4},"end":{"line":28,"column":5}},"11":{"start":{"line":27,"column":6},"end":{"line":27,"column":29}},"12":{"start":{"line":32,"column":4},"end":{"line":36,"column":5}},"13":{"start":{"line":33,"column":6},"end":{"line":33,"column":24}},"14":{"start":{"line":35,"column":6},"end":{"line":35,"column":29}},"15":{"start":{"line":40,"column":0},"end":{"line":40,"column":26}}},"fnMap":{"0":{"name":"(anonymous_0)","decl":{"start":{"line":2,"column":2},"end":{"line":2,"column":3}},"loc":{"start":{"line":2,"column":37},"end":{"line":6,"column":3}},"line":2},"1":{"name":"(anonymous_1)","decl":{"start":{"line":8,"column":2},"end":{"line":8,"column":3}},"loc":{"start":{"line":8,"column":11},"end":{"line":15,"column":3}},"line":8},"2":{"name":"(anonymous_2)","decl":{"start":{"line":17,"column":2},"end":{"line":17,"column":3}},"loc":{"start":{"line":17,"column":14},"end":{"line":23,"column":3}},"line":17},"3":{"name":"(anonymous_3)","decl":{"start":{"line":25,"column":2},"end":{"line":25,"column":3}},"loc":{"start":{"line":25,"column":24},"end":{"line":29,"column":3}},"line":25},"4":{"name":"(anonymous_4)","decl":{"start":{"line":31,"column":2},"end":{"line":31,"column":3}},"loc":{"start":{"line":31,"column":21},"end":{"line":37,"column":3}},"line":31}},"branchMap":{"0":{"loc":{"start":{"line":10,"column":4},"end":{"line":14,"column":5}},"type":"if","locations":[{"start":{"line":10,"column":4},"end":{"line":14,"column":5}},{"start":{"line":10,"column":4},"end":{"line":14,"column":5}}],"line":10},"1":{"loc":{"start":{"line":18,"column":4},"end":{"line":22,"column":5}},"type":"if","locations":[{"start":{"line":18,"column":4},"end":{"line":22,"column":5}},{"start":{"line":18,"column":4},"end":{"line":22,"column":5}}],"line":18},"2":{"loc":{"start":{"line":26,"column":4},"end":{"line":28,"column":5}},"type":"if","locations":[{"start":{"line":26,"column":4},"end":{"line":28,"column":5}},{"start":{"line":26,"column":4},"end":{"line":28,"column":5}}],"line":26},"3":{"loc":{"start":{"line":32,"column":4},"end":{"line":36,"column":5}},"type":"if","locations":[{"start":{"line":32,"column":4},"end":{"line":36,"column":5}},{"start":{"line":32,"column":4},"end":{"line":36,"column":5}}],"line":32}},"s":{"0":67,"1":67,"2":67,"3":229,"4":229,"5":187,"6":42,"7":916,"8":763,"9":153,"10":344,"11":66,"12":204,"13":77,"14":127,"15":1},"f":{"0":67,"1":229,"2":916,"3":344,"4":204},"b":{"0":[187,42],"1":[763,153],"2":[66,278],"3":[77,127]},"_coverageSchema":"43e27e138ebf9cfc5966b082cf9a028302ed4184","hash":"0d12d6490d243ba80ec58256bb710d2e7de2b2f0"}
,"/Users/umut/Projects/tech-tests/gilded-rose/js-jest/test/texttest_fixture.js": {"path":"/Users/umut/Projects/tech-tests/gilded-rose/js-jest/test/texttest_fixture.js","statementMap":{"0":{"start":{"line":1,"column":21},"end":{"line":62,"column":1}},"1":{"start":{"line":64,"column":0},"end":{"line":64,"column":30}}},"fnMap":{},"branchMap":{},"s":{"0":1,"1":1},"f":{},"b":{},"_coverageSchema":"43e27e138ebf9cfc5966b082cf9a028302ed4184","hash":"bb0af5e8346d984e3dedc04d1f8d1a18bbd22144"}
}
