TN:
SF:/Users/umut/Projects/tech-tests/gilded-rose/js-jest/src/gilded_rose.js
FN:2,(anonymous_0)
FN:10,(anonymous_1)
FN:20,(anonymous_2)
FN:36,(anonymous_3)
FN:47,(anonymous_4)
FN:53,(anonymous_5)
FN:61,(anonymous_6)
FN:65,(anonymous_7)
FN:97,(anonymous_8)
FN:107,(anonymous_9)
FN:115,(anonymous_10)
FNF:11
FNH:11
FNDA:27,(anonymous_0)
FNDA:21,(anonymous_1)
FNDA:34,(anonymous_2)
FNDA:29,(anonymous_3)
FNDA:44,(anonymous_4)
FNDA:67,(anonymous_5)
FNDA:116,(anonymous_6)
FNDA:113,(anonymous_7)
FNDA:113,(anonymous_8)
FNDA:44,(anonymous_9)
FNDA:72,(anonymous_10)
DA:3,27
DA:4,27
DA:5,27
DA:11,21
DA:12,21
DA:21,34
DA:22,142
DA:23,142
DA:24,113
DA:25,113
DA:27,29
DA:28,29
DA:29,29
DA:37,29
DA:38,2
DA:40,27
DA:48,44
DA:49,41
DA:54,67
DA:55,1
DA:57,66
DA:62,116
DA:66,113
DA:67,17
DA:68,16
DA:69,6
DA:71,10
DA:74,96
DA:75,26
DA:76,70
DA:77,15
DA:78,6
DA:80,9
DA:82,55
DA:83,55
DA:84,54
DA:85,3
DA:86,51
DA:87,25
DA:88,26
DA:89,13
DA:91,13
DA:98,113
DA:99,26
DA:101,87
DA:108,44
DA:109,8
DA:111,36
DA:116,72
DA:117,70
DA:119,2
DA:124,1
LF:52
LH:52
BRDA:10,0,0,0
BRDA:23,1,0,113
BRDA:23,1,1,29
BRDA:37,2,0,2
BRDA:37,2,1,27
BRDA:48,3,0,41
BRDA:48,3,1,3
BRDA:54,4,0,1
BRDA:54,4,1,66
BRDA:66,5,0,17
BRDA:66,5,1,96
BRDA:67,6,0,16
BRDA:67,6,1,1
BRDA:68,7,0,6
BRDA:68,7,1,10
BRDA:74,8,0,26
BRDA:74,8,1,70
BRDA:76,9,0,15
BRDA:76,9,1,55
BRDA:77,10,0,6
BRDA:77,10,1,9
BRDA:82,11,0,55
BRDA:82,11,1,0
BRDA:83,12,0,54
BRDA:83,12,1,1
BRDA:84,13,0,3
BRDA:84,13,1,51
BRDA:86,14,0,25
BRDA:86,14,1,26
BRDA:88,15,0,13
BRDA:88,15,1,13
BRDA:98,16,0,26
BRDA:98,16,1,87
BRDA:108,17,0,8
BRDA:108,17,1,36
BRDA:116,18,0,70
BRDA:116,18,1,2
BRF:37
BRH:35
end_of_record
TN:
SF:/Users/umut/Projects/tech-tests/gilded-rose/js-jest/test/texttest_fixture.js
FNF:0
FNH:0
DA:1,1
DA:3,1
DA:16,1
DA:67,1
LF:4
LH:4
BRF:0
BRH:0
end_of_record
