TN:
SF:/Users/umut/Projects/tech-tests/gilded-rose/js-jest/src/gilded_rose.js
FN:2,(anonymous_0)
FN:6,(anonymous_1)
FNF:2
FNH:2
FNDA:23,(anonymous_0)
FNDA:134,(anonymous_1)
DA:3,23
DA:7,134
DA:8,22
DA:13,1
LF:4
LH:4
BRDA:2,0,0,1
BRF:1
BRH:1
end_of_record
TN:
SF:/Users/umut/Projects/tech-tests/gilded-rose/js-jest/src/components/agedBrie.js
FN:4,(anonymous_0)
FN:8,(anonymous_1)
FNF:2
FNH:2
FNDA:8,(anonymous_0)
FNDA:5,(anonymous_1)
DA:1,1
DA:5,8
DA:9,5
DA:10,5
DA:11,1
DA:13,4
DA:18,1
LF:7
LH:7
BRDA:10,0,0,1
BRDA:10,0,1,4
BRF:2
BRH:2
end_of_record
TN:
SF:/Users/umut/Projects/tech-tests/gilded-rose/js-jest/src/components/backstage.js
FN:4,(anonymous_0)
FN:8,(anonymous_1)
FNF:2
FNH:2
FNDA:27,(anonymous_0)
FNDA:7,(anonymous_1)
DA:1,1
DA:5,27
DA:9,7
DA:10,7
DA:11,1
DA:12,6
DA:13,3
DA:14,3
DA:15,1
DA:17,2
DA:22,1
LF:11
LH:11
BRDA:10,0,0,1
BRDA:10,0,1,6
BRDA:12,1,0,3
BRDA:12,1,1,3
BRDA:14,2,0,1
BRDA:14,2,1,2
BRF:6
BRH:6
end_of_record
TN:
SF:/Users/umut/Projects/tech-tests/gilded-rose/js-jest/src/components/conjured.js
FN:4,(anonymous_0)
FN:8,(anonymous_1)
FNF:2
FNH:2
FNDA:7,(anonymous_0)
FNDA:3,(anonymous_1)
DA:1,1
DA:5,7
DA:9,3
DA:10,3
DA:11,1
DA:13,2
DA:18,1
LF:7
LH:7
BRDA:10,0,0,1
BRDA:10,0,1,2
BRF:2
BRH:2
end_of_record
TN:
SF:/Users/umut/Projects/tech-tests/gilded-rose/js-jest/src/components/item.js
FN:2,(anonymous_0)
FN:8,(anonymous_1)
FN:17,(anonymous_2)
FN:25,(anonymous_3)
FN:31,(anonymous_4)
FNF:5
FNH:5
FNDA:67,(anonymous_0)
FNDA:5,(anonymous_1)
FNDA:20,(anonymous_2)
FNDA:8,(anonymous_3)
FNDA:11,(anonymous_4)
DA:3,67
DA:4,67
DA:5,67
DA:9,5
DA:10,5
DA:11,1
DA:13,4
DA:18,20
DA:19,4
DA:21,16
DA:26,8
DA:27,7
DA:32,11
DA:33,3
DA:35,8
DA:40,1
LF:16
LH:16
BRDA:10,0,0,1
BRDA:10,0,1,4
BRDA:18,1,0,4
BRDA:18,1,1,16
BRDA:26,2,0,7
BRDA:26,2,1,1
BRDA:32,3,0,3
BRDA:32,3,1,8
BRF:8
BRH:8
end_of_record
TN:
SF:/Users/umut/Projects/tech-tests/gilded-rose/js-jest/src/components/sulfuras.js
FN:4,(anonymous_0)
FN:8,(anonymous_1)
FNF:2
FNH:2
FNDA:12,(anonymous_0)
FNDA:2,(anonymous_1)
DA:1,1
DA:5,12
DA:12,1
LF:3
LH:3
BRF:0
BRH:0
end_of_record
TN:
SF:/Users/umut/Projects/tech-tests/gilded-rose/js-jest/test/texttest_fixture.js
FNF:0
FNH:0
DA:1,1
DA:64,1
LF:2
LH:2
BRF:0
BRH:0
end_of_record
